<?xml version="1.0" encoding="UTF-8" ?>
<testsuite tests="5" failures="1" name="com.lectopia.board.BoardDAOTest" time="1.918" errors="0" skipped="0">
  <properties>
[...]
</properties>
  <testcase classname="com.lectopia.board.BoardDAOTest" name="testRead" time="1.848">
    <failure type="java.lang.AssertionError">java.lang.AssertionError
	at org.junit.Assert.fail(Assert.java:86)
	at org.junit.Assert.assertTrue(Assert.java:41)
	at org.junit.Assert.assertNotNull(Assert.java:712)
	at org.junit.Assert.assertNotNull(Assert.java:722)
	at com.lectopia.board.BoardDAOTest.testRead(BoardDAOTest.java:39)
	at sun.reflect.NativeMethodAccessorImpl.invoke0(Native Method)
	at sun.reflect.NativeMethodAccessorImpl.invoke(NativeMethodAccessorImpl.java:62)
	at sun.reflect.DelegatingMethodAccessorImpl.invoke(DelegatingMethodAccessorImpl.java:43)
	at java.lang.reflect.Method.invoke(Method.java:498)
	at org.junit.runners.model.FrameworkMethod$1.runReflectiveCall(FrameworkMethod.java:50)
	at org.junit.internal.runners.model.ReflectiveCallable.run(ReflectiveCallable.java:12)
	at org.junit.runners.model.FrameworkMethod.invokeExplosively(FrameworkMethod.java:47)
	at org.junit.internal.runners.statements.InvokeMethod.evaluate(InvokeMethod.java:17)
	at org.springframework.test.context.junit4.statements.RunBeforeTestMethodCallbacks.evaluate(RunBeforeTestMethodCallbacks.java:74)
	at org.springframework.test.context.junit4.statements.RunAfterTestMethodCallbacks.evaluate(RunAfterTestMethodCallbacks.java:83)
	at org.springframework.test.context.junit4.statements.SpringRepeat.evaluate(SpringRepeat.java:72)
	at org.springframework.test.context.junit4.SpringJUnit4ClassRunner.runChild(SpringJUnit4ClassRunner.java:231)
	at org.junit.runners.BlockJUnit4ClassRunner.runChild(BlockJUnit4ClassRunner.java:57)
	at org.junit.runners.ParentRunner$3.run(ParentRunner.java:290)
	at org.junit.runners.ParentRunner$1.schedule(ParentRunner.java:71)
	at org.junit.runners.ParentRunner.runChildren(ParentRunner.java:288)
	at org.junit.runners.ParentRunner.access$000(ParentRunner.java:58)
	at org.junit.runners.ParentRunner$2.evaluate(ParentRunner.java:268)
	at org.springframework.test.context.junit4.statements.RunBeforeTestClassCallbacks.evaluate(RunBeforeTestClassCallbacks.java:61)
	at org.springframework.test.context.junit4.statements.RunAfterTestClassCallbacks.evaluate(RunAfterTestClassCallbacks.java:71)
	at org.junit.runners.ParentRunner.run(ParentRunner.java:363)
	at org.springframework.test.context.junit4.SpringJUnit4ClassRunner.run(SpringJUnit4ClassRunner.java:174)
	at org.apache.maven.surefire.junit4.JUnit4Provider.execute(JUnit4Provider.java:252)
	at org.apache.maven.surefire.junit4.JUnit4Provider.executeTestSet(JUnit4Provider.java:141)
	at org.apache.maven.surefire.junit4.JUnit4Provider.invoke(JUnit4Provider.java:112)
	at sun.reflect.NativeMethodAccessorImpl.invoke0(Native Method)
	at sun.reflect.NativeMethodAccessorImpl.invoke(NativeMethodAccessorImpl.java:62)
	at sun.reflect.DelegatingMethodAccessorImpl.invoke(DelegatingMethodAccessorImpl.java:43)
	at java.lang.reflect.Method.invoke(Method.java:498)
	at org.apache.maven.surefire.util.ReflectionUtils.invokeMethodWithArray(ReflectionUtils.java:189)
	at org.apache.maven.surefire.booter.ProviderFactory$ProviderProxy.invoke(ProviderFactory.java:165)
	at org.apache.maven.surefire.booter.ProviderFactory.invokeProvider(ProviderFactory.java:85)
	at org.apache.maven.surefire.booter.ForkedBooter.runSuitesInProcess(ForkedBooter.java:115)
	at org.apache.maven.surefire.booter.ForkedBooter.main(ForkedBooter.java:75)
</failure>
    <system-out>INFO : org.springframework.test.context.TestContextManager - @TestExecutionListeners is not present for class [class com.lectopia.board.BoardDAOTest]: using defaults.
INFO : org.springframework.beans.factory.xml.XmlBeanDefinitionReader - Loading XML bean definitions from file [C:\sts-bundle\newboard\src\main\webapp\WEB-INF\spring\appServlet\servlet-context.xml]
INFO : org.springframework.context.annotation.ClassPathBeanDefinitionScanner - JSR-330 &apos;javax.inject.Named&apos; annotation found and supported for component scanning
INFO : org.springframework.beans.factory.xml.XmlBeanDefinitionReader - Loading XML bean definitions from file [C:\sts-bundle\newboard\src\main\webapp\WEB-INF\spring\root-context.xml]
INFO : org.springframework.context.annotation.ClassPathBeanDefinitionScanner - JSR-330 &apos;javax.inject.Named&apos; annotation found and supported for component scanning
INFO : org.springframework.context.support.GenericApplicationContext - Refreshing org.springframework.context.support.GenericApplicationContext@4cc0edeb: startup date [Fri Jul 27 14:15:56 KST 2018]; root of context hierarchy
INFO : org.springframework.beans.factory.annotation.AutowiredAnnotationBeanPostProcessor - JSR-330 &apos;javax.inject.Inject&apos; annotation found and supported for autowiring
INFO : org.springframework.beans.factory.support.DefaultListableBeanFactory - Pre-instantiating singletons in org.springframework.beans.factory.support.DefaultListableBeanFactory@4c40b76e: defining beans [org.springframework.web.servlet.mvc.method.annotation.RequestMappingHandlerMapping#0,org.springframework.format.support.FormattingConversionServiceFactoryBean#0,org.springframework.web.servlet.mvc.method.annotation.RequestMappingHandlerAdapter#0,org.springframework.web.servlet.handler.MappedInterceptor#0,org.springframework.web.servlet.mvc.method.annotation.ExceptionHandlerExceptionResolver#0,org.springframework.web.servlet.mvc.annotation.ResponseStatusExceptionResolver#0,org.springframework.web.servlet.mvc.support.DefaultHandlerExceptionResolver#0,org.springframework.web.servlet.handler.BeanNameUrlHandlerMapping,org.springframework.web.servlet.mvc.HttpRequestHandlerAdapter,org.springframework.web.servlet.mvc.SimpleControllerHandlerAdapter,org.springframework.web.servlet.resource.ResourceHttpRequestHandler#0,org.springframework.web.servlet.handler.SimpleUrlHandlerMapping#0,org.springframework.web.servlet.view.InternalResourceViewResolver#0,homeController,org.springframework.context.annotation.internalConfigurationAnnotationProcessor,org.springframework.context.annotation.internalAutowiredAnnotationProcessor,org.springframework.context.annotation.internalRequiredAnnotationProcessor,org.springframework.context.annotation.internalCommonAnnotationProcessor,dataSource,sessionFactory,boardMapper,org.springframework.context.annotation.ConfigurationClassPostProcessor$ImportAwareBeanPostProcessor#0]; root of factory hierarchy
INFO : org.springframework.jdbc.datasource.DriverManagerDataSource - Loaded JDBC driver: net.sf.log4jdbc.sql.jdbcapi.DriverSpy
INFO : org.springframework.web.servlet.mvc.method.annotation.RequestMappingHandlerMapping - Mapped &quot;{[/],methods=[GET],params=[],headers=[],consumes=[],produces=[],custom=[]}&quot; onto public java.lang.String com.lectopia.board.HomeController.home(java.util.Locale,org.springframework.ui.Model)
INFO : org.springframework.web.servlet.handler.SimpleUrlHandlerMapping - Mapped URL path [/resources/**] onto handler &apos;org.springframework.web.servlet.resource.ResourceHttpRequestHandler#0&apos;
INFO : jdbc.connection - 1. Connection opened
INFO : jdbc.audit - 1. Connection.new Connection returned 
INFO : jdbc.audit - 1. Connection.getAutoCommit() returned true
INFO : jdbc.audit - 1. PreparedStatement.new PreparedStatement returned 
INFO : jdbc.audit - 1. Connection.prepareStatement(select  
	 	bno, title, content, writer, regdate, viewcnt
	 	
	  
	 from 	tbl_board 
	 where 	bno = ?) returned net.sf.log4jdbc.sql.jdbcapi.PreparedStatementSpy@624ea235
INFO : jdbc.audit - 1. PreparedStatement.setInt(1, 2) returned 
INFO : jdbc.sqlonly - select bno, title, content, writer, regdate, viewcnt from tbl_board where bno = 2 

INFO : jdbc.sqltiming - select bno, title, content, writer, regdate, viewcnt from tbl_board where bno = 2 
 {executed in 5 msec}
INFO : jdbc.audit - 1. PreparedStatement.execute() returned true
INFO : jdbc.resultset - 1. ResultSet.new ResultSet returned 
INFO : jdbc.audit - 1. PreparedStatement.getResultSet() returned net.sf.log4jdbc.sql.jdbcapi.ResultSetSpy@6f43c82
INFO : jdbc.resultset - 1. ResultSet.getMetaData() returned com.mysql.jdbc.ResultSetMetaData@6f15d60e - Field level information: 
	com.mysql.jdbc.Field@1be2019a[catalog=mybatis,tableName=tbl_board,originalTableName=tbl_board,columnName=bno,originalColumnName=bno,mysqlType=3(FIELD_TYPE_LONG),flags= AUTO_INCREMENT PRIMARY_KEY, charsetIndex=63, charsetName=US-ASCII]
	com.mysql.jdbc.Field@29d80d2b[catalog=mybatis,tableName=tbl_board,originalTableName=tbl_board,columnName=title,originalColumnName=title,mysqlType=253(FIELD_TYPE_VAR_STRING),flags=, charsetIndex=8, charsetName=WINDOWS-1252]
	com.mysql.jdbc.Field@58e1d9d[catalog=mybatis,tableName=tbl_board,originalTableName=tbl_board,columnName=content,originalColumnName=content,mysqlType=253(FIELD_TYPE_VAR_STRING),flags= BLOB, charsetIndex=8, charsetName=WINDOWS-1252]
	com.mysql.jdbc.Field@446a1e84[catalog=mybatis,tableName=tbl_board,originalTableName=tbl_board,columnName=writer,originalColumnName=writer,mysqlType=253(FIELD_TYPE_VAR_STRING),flags=, charsetIndex=8, charsetName=WINDOWS-1252]
	com.mysql.jdbc.Field@4f0f2942[catalog=mybatis,tableName=tbl_board,originalTableName=tbl_board,columnName=regdate,originalColumnName=regdate,mysqlType=7(FIELD_TYPE_TIMESTAMP),flags= BINARY, charsetIndex=63, charsetName=US-ASCII]
	com.mysql.jdbc.Field@2657d4dd[catalog=mybatis,tableName=tbl_board,originalTableName=tbl_board,columnName=viewcnt,originalColumnName=viewcnt,mysqlType=3(FIELD_TYPE_LONG),flags=, charsetIndex=63, charsetName=US-ASCII]
INFO : jdbc.resultset - 1. ResultSet.getType() returned 1003
INFO : jdbc.resultsettable - 
|----|------|--------|-------|--------|--------|
|bno |title |content |writer |regdate |viewcnt |
|----|------|--------|-------|--------|--------|
|----|------|--------|-------|--------|--------|

INFO : jdbc.resultset - 1. ResultSet.next() returned false
INFO : jdbc.resultset - 1. ResultSet.close() returned void
INFO : jdbc.audit - 1. PreparedStatement.getConnection() returned net.sf.log4jdbc.sql.jdbcapi.ConnectionSpy@7eecb5b8
INFO : jdbc.audit - 1. Connection.getMetaData() returned com.mysql.jdbc.JDBC4DatabaseMetaData@126253fd
INFO : jdbc.audit - 1. PreparedStatement.getMoreResults() returned false
INFO : jdbc.audit - 1. PreparedStatement.getUpdateCount() returned -1
INFO : jdbc.audit - 1. PreparedStatement.close() returned 
INFO : jdbc.connection - 1. Connection closed
INFO : jdbc.audit - 1. Connection.close() returned 
</system-out>
  </testcase>
  <testcase classname="com.lectopia.board.BoardDAOTest" name="testListAll" time="0.015"/>
  <testcase classname="com.lectopia.board.BoardDAOTest" name="testCreate" time="0.023"/>
  <testcase classname="com.lectopia.board.BoardDAOTest" name="testDelete" time="0.016"/>
  <testcase classname="com.lectopia.board.BoardDAOTest" name="testUpdate" time="0.016"/>
</testsuite>